<?xml version="1.0" encoding="UTF-8" ?>
<testsuite errors="0" failures="0" hostname="arm03944" name="org.stanwood.media.source.TestIMDBSource" tests="2" time="1.759" timestamp="2008-12-12T14:04:42">
  <properties>
[...]
</properties>
  <testcase classname="org.stanwood.media.source.TestIMDBSource" name="testSearch" time="1.012" />
  <testcase classname="org.stanwood.media.source.TestIMDBSource" name="testIronManFilm" time="0.397" />
  <system-out><![CDATA[]]></system-out>
  <system-err><![CDATA[]]></system-err>
</testsuite>
